<?xml version="1.0" encoding="UTF-8"?>
<!-- Generated by org.testng.reporters.JUnitReportReporter -->
<testsuite hostname="shajahanspc" failures="0" tests="1" name="com.qa.Testcases.LoginTest" time="9.543" errors="0" timestamp="2023-12-28T21:17:15 EET" skipped="0">
  <testcase classname="com.qa.Testcases.LoginTest" name="loginWithValidCredentials" time="9.543"/>
</testsuite> <!-- com.qa.Testcases.LoginTest -->
